[2025-02-23 15:56:18] production.ERROR: Database file at path [/Users/sanukadeteka/Developer/My Projects/Sally-Sweets/sally-sweets-laravel/database/database.sqlite] does not exist. Ensure this is an absolute path to the database. (Connection: sqlite, SQL: delete from "cache") {"exception":"[object] (Illuminate\\Database\\QueryException(code: 0): Database file at path [/Users/sanukadeteka/Developer/My Projects/Sally-Sweets/sally-sweets-laravel/database/database.sqlite] does not exist. Ensure this is an absolute path to the database. (Connection: sqlite, SQL: delete from \"cache\") at /Users/sanukadeteka/Developer/My Projects/Sally-Sweets/sally-sweets-laravel/vendor/laravel/framework/src/Illuminate/Database/Connection.php:813)
[stacktrace]
#0 /Users/sanukadeteka/Developer/My Projects/Sally-Sweets/sally-sweets-laravel/vendor/laravel/framework/src/Illuminate/Database/Connection.php(767): Illuminate\\Database\\Connection->runQueryCallback('delete from \"ca...', Array, Object(Closure))
#1 /Users/sanukadeteka/Developer/My Projects/Sally-Sweets/sally-sweets-laravel/vendor/laravel/framework/src/Illuminate/Database/Connection.php(584): Illuminate\\Database\\Connection->run('delete from \"ca...', Array, Object(Closure))
#2 /Users/sanukadeteka/Developer/My Projects/Sally-Sweets/sally-sweets-laravel/vendor/laravel/framework/src/Illuminate/Database/Connection.php(548): Illuminate\\Database\\Connection->affectingStatement('delete from \"ca...', Array)
#3 /Users/sanukadeteka/Developer/My Projects/Sally-Sweets/sally-sweets-laravel/vendor/laravel/framework/src/Illuminate/Database/Query/Builder.php(3857): Illuminate\\Database\\Connection->delete('delete from \"ca...', Array)
#4 /Users/sanukadeteka/Developer/My Projects/Sally-Sweets/sally-sweets-laravel/vendor/laravel/framework/src/Illuminate/Cache/DatabaseStore.php(342): Illuminate\\Database\\Query\\Builder->delete()
#5 /Users/sanukadeteka/Developer/My Projects/Sally-Sweets/sally-sweets-laravel/vendor/laravel/framework/src/Illuminate/Cache/Repository.php(713): Illuminate\\Cache\\DatabaseStore->flush()
#6 /Users/sanukadeteka/Developer/My Projects/Sally-Sweets/sally-sweets-laravel/vendor/laravel/framework/src/Illuminate/Cache/Console/ClearCommand.php(69): Illuminate\\Cache\\Repository->__call('flush', Array)
#7 /Users/sanukadeteka/Developer/My Projects/Sally-Sweets/sally-sweets-laravel/vendor/laravel/framework/src/Illuminate/Container/BoundMethod.php(36): Illuminate\\Cache\\Console\\ClearCommand->handle()
#8 /Users/sanukadeteka/Developer/My Projects/Sally-Sweets/sally-sweets-laravel/vendor/laravel/framework/src/Illuminate/Container/Util.php(41): Illuminate\\Container\\BoundMethod::Illuminate\\Container\\{closure}()
#9 /Users/sanukadeteka/Developer/My Projects/Sally-Sweets/sally-sweets-laravel/vendor/laravel/framework/src/Illuminate/Container/BoundMethod.php(93): Illuminate\\Container\\Util::unwrapIfClosure(Object(Closure))
#10 /Users/sanukadeteka/Developer/My Projects/Sally-Sweets/sally-sweets-laravel/vendor/laravel/framework/src/Illuminate/Container/BoundMethod.php(35): Illuminate\\Container\\BoundMethod::callBoundMethod(Object(Illuminate\\Foundation\\Application), Array, Object(Closure))
#11 /Users/sanukadeteka/Developer/My Projects/Sally-Sweets/sally-sweets-laravel/vendor/laravel/framework/src/Illuminate/Container/Container.php(662): Illuminate\\Container\\BoundMethod::call(Object(Illuminate\\Foundation\\Application), Array, Array, NULL)
#12 /Users/sanukadeteka/Developer/My Projects/Sally-Sweets/sally-sweets-laravel/vendor/laravel/framework/src/Illuminate/Console/Command.php(212): Illuminate\\Container\\Container->call(Array)
#13 /Users/sanukadeteka/Developer/My Projects/Sally-Sweets/sally-sweets-laravel/vendor/symfony/console/Command/Command.php(279): Illuminate\\Console\\Command->execute(Object(Symfony\\Component\\Console\\Input\\ArgvInput), Object(Illuminate\\Console\\OutputStyle))
#14 /Users/sanukadeteka/Developer/My Projects/Sally-Sweets/sally-sweets-laravel/vendor/laravel/framework/src/Illuminate/Console/Command.php(181): Symfony\\Component\\Console\\Command\\Command->run(Object(Symfony\\Component\\Console\\Input\\ArgvInput), Object(Illuminate\\Console\\OutputStyle))
#15 /Users/sanukadeteka/Developer/My Projects/Sally-Sweets/sally-sweets-laravel/vendor/symfony/console/Application.php(1049): Illuminate\\Console\\Command->run(Object(Symfony\\Component\\Console\\Input\\ArgvInput), Object(Symfony\\Component\\Console\\Output\\ConsoleOutput))
#16 /Users/sanukadeteka/Developer/My Projects/Sally-Sweets/sally-sweets-laravel/vendor/symfony/console/Application.php(318): Symfony\\Component\\Console\\Application->doRunCommand(Object(Illuminate\\Cache\\Console\\ClearCommand), Object(Symfony\\Component\\Console\\Input\\ArgvInput), Object(Symfony\\Component\\Console\\Output\\ConsoleOutput))
#17 /Users/sanukadeteka/Developer/My Projects/Sally-Sweets/sally-sweets-laravel/vendor/symfony/console/Application.php(169): Symfony\\Component\\Console\\Application->doRun(Object(Symfony\\Component\\Console\\Input\\ArgvInput), Object(Symfony\\Component\\Console\\Output\\ConsoleOutput))
#18 /Users/sanukadeteka/Developer/My Projects/Sally-Sweets/sally-sweets-laravel/vendor/laravel/framework/src/Illuminate/Foundation/Console/Kernel.php(196): Symfony\\Component\\Console\\Application->run(Object(Symfony\\Component\\Console\\Input\\ArgvInput), Object(Symfony\\Component\\Console\\Output\\ConsoleOutput))
#19 /Users/sanukadeteka/Developer/My Projects/Sally-Sweets/sally-sweets-laravel/vendor/laravel/framework/src/Illuminate/Foundation/Application.php(1187): Illuminate\\Foundation\\Console\\Kernel->handle(Object(Symfony\\Component\\Console\\Input\\ArgvInput), Object(Symfony\\Component\\Console\\Output\\ConsoleOutput))
#20 /Users/sanukadeteka/Developer/My Projects/Sally-Sweets/sally-sweets-laravel/artisan(13): Illuminate\\Foundation\\Application->handleCommand(Object(Symfony\\Component\\Console\\Input\\ArgvInput))
#21 {main}

[previous exception] [object] (Illuminate\\Database\\SQLiteDatabaseDoesNotExistException(code: 0): Database file at path [/Users/sanukadeteka/Developer/My Projects/Sally-Sweets/sally-sweets-laravel/database/database.sqlite] does not exist. Ensure this is an absolute path to the database. at /Users/sanukadeteka/Developer/My Projects/Sally-Sweets/sally-sweets-laravel/vendor/laravel/framework/src/Illuminate/Database/Connectors/SQLiteConnector.php:34)
[stacktrace]
#0 /Users/sanukadeteka/Developer/My Projects/Sally-Sweets/sally-sweets-laravel/vendor/laravel/framework/src/Illuminate/Database/Connectors/ConnectionFactory.php(222): Illuminate\\Database\\Connectors\\SQLiteConnector->connect(Array)
#1 [internal function]: Illuminate\\Database\\Connectors\\ConnectionFactory->Illuminate\\Database\\Connectors\\{closure}()
#2 /Users/sanukadeteka/Developer/My Projects/Sally-Sweets/sally-sweets-laravel/vendor/laravel/framework/src/Illuminate/Database/Connection.php(1219): call_user_func(Object(Closure))
#3 /Users/sanukadeteka/Developer/My Projects/Sally-Sweets/sally-sweets-laravel/vendor/laravel/framework/src/Illuminate/Database/Connection.php(592): Illuminate\\Database\\Connection->getPdo()
#4 /Users/sanukadeteka/Developer/My Projects/Sally-Sweets/sally-sweets-laravel/vendor/laravel/framework/src/Illuminate/Database/Connection.php(800): Illuminate\\Database\\Connection->Illuminate\\Database\\{closure}('delete from \"ca...', Array)
#5 /Users/sanukadeteka/Developer/My Projects/Sally-Sweets/sally-sweets-laravel/vendor/laravel/framework/src/Illuminate/Database/Connection.php(767): Illuminate\\Database\\Connection->runQueryCallback('delete from \"ca...', Array, Object(Closure))
#6 /Users/sanukadeteka/Developer/My Projects/Sally-Sweets/sally-sweets-laravel/vendor/laravel/framework/src/Illuminate/Database/Connection.php(584): Illuminate\\Database\\Connection->run('delete from \"ca...', Array, Object(Closure))
#7 /Users/sanukadeteka/Developer/My Projects/Sally-Sweets/sally-sweets-laravel/vendor/laravel/framework/src/Illuminate/Database/Connection.php(548): Illuminate\\Database\\Connection->affectingStatement('delete from \"ca...', Array)
#8 /Users/sanukadeteka/Developer/My Projects/Sally-Sweets/sally-sweets-laravel/vendor/laravel/framework/src/Illuminate/Database/Query/Builder.php(3857): Illuminate\\Database\\Connection->delete('delete from \"ca...', Array)
#9 /Users/sanukadeteka/Developer/My Projects/Sally-Sweets/sally-sweets-laravel/vendor/laravel/framework/src/Illuminate/Cache/DatabaseStore.php(342): Illuminate\\Database\\Query\\Builder->delete()
#10 /Users/sanukadeteka/Developer/My Projects/Sally-Sweets/sally-sweets-laravel/vendor/laravel/framework/src/Illuminate/Cache/Repository.php(713): Illuminate\\Cache\\DatabaseStore->flush()
#11 /Users/sanukadeteka/Developer/My Projects/Sally-Sweets/sally-sweets-laravel/vendor/laravel/framework/src/Illuminate/Cache/Console/ClearCommand.php(69): Illuminate\\Cache\\Repository->__call('flush', Array)
#12 /Users/sanukadeteka/Developer/My Projects/Sally-Sweets/sally-sweets-laravel/vendor/laravel/framework/src/Illuminate/Container/BoundMethod.php(36): Illuminate\\Cache\\Console\\ClearCommand->handle()
#13 /Users/sanukadeteka/Developer/My Projects/Sally-Sweets/sally-sweets-laravel/vendor/laravel/framework/src/Illuminate/Container/Util.php(41): Illuminate\\Container\\BoundMethod::Illuminate\\Container\\{closure}()
#14 /Users/sanukadeteka/Developer/My Projects/Sally-Sweets/sally-sweets-laravel/vendor/laravel/framework/src/Illuminate/Container/BoundMethod.php(93): Illuminate\\Container\\Util::unwrapIfClosure(Object(Closure))
#15 /Users/sanukadeteka/Developer/My Projects/Sally-Sweets/sally-sweets-laravel/vendor/laravel/framework/src/Illuminate/Container/BoundMethod.php(35): Illuminate\\Container\\BoundMethod::callBoundMethod(Object(Illuminate\\Foundation\\Application), Array, Object(Closure))
#16 /Users/sanukadeteka/Developer/My Projects/Sally-Sweets/sally-sweets-laravel/vendor/laravel/framework/src/Illuminate/Container/Container.php(662): Illuminate\\Container\\BoundMethod::call(Object(Illuminate\\Foundation\\Application), Array, Array, NULL)
#17 /Users/sanukadeteka/Developer/My Projects/Sally-Sweets/sally-sweets-laravel/vendor/laravel/framework/src/Illuminate/Console/Command.php(212): Illuminate\\Container\\Container->call(Array)
#18 /Users/sanukadeteka/Developer/My Projects/Sally-Sweets/sally-sweets-laravel/vendor/symfony/console/Command/Command.php(279): Illuminate\\Console\\Command->execute(Object(Symfony\\Component\\Console\\Input\\ArgvInput), Object(Illuminate\\Console\\OutputStyle))
#19 /Users/sanukadeteka/Developer/My Projects/Sally-Sweets/sally-sweets-laravel/vendor/laravel/framework/src/Illuminate/Console/Command.php(181): Symfony\\Component\\Console\\Command\\Command->run(Object(Symfony\\Component\\Console\\Input\\ArgvInput), Object(Illuminate\\Console\\OutputStyle))
#20 /Users/sanukadeteka/Developer/My Projects/Sally-Sweets/sally-sweets-laravel/vendor/symfony/console/Application.php(1049): Illuminate\\Console\\Command->run(Object(Symfony\\Component\\Console\\Input\\ArgvInput), Object(Symfony\\Component\\Console\\Output\\ConsoleOutput))
#21 /Users/sanukadeteka/Developer/My Projects/Sally-Sweets/sally-sweets-laravel/vendor/symfony/console/Application.php(318): Symfony\\Component\\Console\\Application->doRunCommand(Object(Illuminate\\Cache\\Console\\ClearCommand), Object(Symfony\\Component\\Console\\Input\\ArgvInput), Object(Symfony\\Component\\Console\\Output\\ConsoleOutput))
#22 /Users/sanukadeteka/Developer/My Projects/Sally-Sweets/sally-sweets-laravel/vendor/symfony/console/Application.php(169): Symfony\\Component\\Console\\Application->doRun(Object(Symfony\\Component\\Console\\Input\\ArgvInput), Object(Symfony\\Component\\Console\\Output\\ConsoleOutput))
#23 /Users/sanukadeteka/Developer/My Projects/Sally-Sweets/sally-sweets-laravel/vendor/laravel/framework/src/Illuminate/Foundation/Console/Kernel.php(196): Symfony\\Component\\Console\\Application->run(Object(Symfony\\Component\\Console\\Input\\ArgvInput), Object(Symfony\\Component\\Console\\Output\\ConsoleOutput))
#24 /Users/sanukadeteka/Developer/My Projects/Sally-Sweets/sally-sweets-laravel/vendor/laravel/framework/src/Illuminate/Foundation/Application.php(1187): Illuminate\\Foundation\\Console\\Kernel->handle(Object(Symfony\\Component\\Console\\Input\\ArgvInput), Object(Symfony\\Component\\Console\\Output\\ConsoleOutput))
#25 /Users/sanukadeteka/Developer/My Projects/Sally-Sweets/sally-sweets-laravel/artisan(13): Illuminate\\Foundation\\Application->handleCommand(Object(Symfony\\Component\\Console\\Input\\ArgvInput))
#26 {main}
"} 
[2025-02-23 15:57:22] production.ERROR: No application encryption key has been specified. {"exception":"[object] (Illuminate\\Encryption\\MissingAppKeyException(code: 0): No application encryption key has been specified. at /Users/sanukadeteka/Developer/My Projects/Sally-Sweets/sally-sweets-laravel/vendor/laravel/framework/src/Illuminate/Encryption/EncryptionServiceProvider.php:83)
[stacktrace]
#0 /Users/sanukadeteka/Developer/My Projects/Sally-Sweets/sally-sweets-laravel/vendor/laravel/framework/src/Illuminate/Support/helpers.php(359): Illuminate\\Encryption\\EncryptionServiceProvider->Illuminate\\Encryption\\{closure}(NULL)
#1 /Users/sanukadeteka/Developer/My Projects/Sally-Sweets/sally-sweets-laravel/vendor/laravel/framework/src/Illuminate/Encryption/EncryptionServiceProvider.php(81): tap(NULL, Object(Closure))
#2 /Users/sanukadeteka/Developer/My Projects/Sally-Sweets/sally-sweets-laravel/vendor/laravel/framework/src/Illuminate/Encryption/EncryptionServiceProvider.php(64): Illuminate\\Encryption\\EncryptionServiceProvider->key(Array)
#3 /Users/sanukadeteka/Developer/My Projects/Sally-Sweets/sally-sweets-laravel/vendor/laravel/framework/src/Illuminate/Encryption/EncryptionServiceProvider.php(32): Illuminate\\Encryption\\EncryptionServiceProvider->parseKey(Array)
#4 /Users/sanukadeteka/Developer/My Projects/Sally-Sweets/sally-sweets-laravel/vendor/laravel/framework/src/Illuminate/Container/Container.php(900): Illuminate\\Encryption\\EncryptionServiceProvider->Illuminate\\Encryption\\{closure}(Object(Illuminate\\Foundation\\Application), Array)
#5 /Users/sanukadeteka/Developer/My Projects/Sally-Sweets/sally-sweets-laravel/vendor/laravel/framework/src/Illuminate/Container/Container.php(787): Illuminate\\Container\\Container->build(Object(Closure))
#6 /Users/sanukadeteka/Developer/My Projects/Sally-Sweets/sally-sweets-laravel/vendor/laravel/framework/src/Illuminate/Foundation/Application.php(1030): Illuminate\\Container\\Container->resolve('encrypter', Array, true)
#7 /Users/sanukadeteka/Developer/My Projects/Sally-Sweets/sally-sweets-laravel/vendor/laravel/framework/src/Illuminate/Container/Container.php(723): Illuminate\\Foundation\\Application->resolve('encrypter', Array)
#8 /Users/sanukadeteka/Developer/My Projects/Sally-Sweets/sally-sweets-laravel/vendor/laravel/framework/src/Illuminate/Foundation/Application.php(1015): Illuminate\\Container\\Container->make('encrypter', Array)
#9 /Users/sanukadeteka/Developer/My Projects/Sally-Sweets/sally-sweets-laravel/vendor/laravel/framework/src/Illuminate/Container/Container.php(1058): Illuminate\\Foundation\\Application->make('encrypter')
#10 /Users/sanukadeteka/Developer/My Projects/Sally-Sweets/sally-sweets-laravel/vendor/laravel/framework/src/Illuminate/Container/Container.php(974): Illuminate\\Container\\Container->resolveClass(Object(ReflectionParameter))
#11 /Users/sanukadeteka/Developer/My Projects/Sally-Sweets/sally-sweets-laravel/vendor/laravel/framework/src/Illuminate/Container/Container.php(935): Illuminate\\Container\\Container->resolveDependencies(Array)
#12 /Users/sanukadeteka/Developer/My Projects/Sally-Sweets/sally-sweets-laravel/vendor/laravel/framework/src/Illuminate/Container/Container.php(787): Illuminate\\Container\\Container->build('Illuminate\\\\Cook...')
#13 /Users/sanukadeteka/Developer/My Projects/Sally-Sweets/sally-sweets-laravel/vendor/laravel/framework/src/Illuminate/Foundation/Application.php(1030): Illuminate\\Container\\Container->resolve('Illuminate\\\\Cook...', Array, true)
#14 /Users/sanukadeteka/Developer/My Projects/Sally-Sweets/sally-sweets-laravel/vendor/laravel/framework/src/Illuminate/Container/Container.php(723): Illuminate\\Foundation\\Application->resolve('Illuminate\\\\Cook...', Array)
#15 /Users/sanukadeteka/Developer/My Projects/Sally-Sweets/sally-sweets-laravel/vendor/laravel/framework/src/Illuminate/Foundation/Application.php(1015): Illuminate\\Container\\Container->make('Illuminate\\\\Cook...', Array)
#16 /Users/sanukadeteka/Developer/My Projects/Sally-Sweets/sally-sweets-laravel/vendor/laravel/framework/src/Illuminate/Pipeline/Pipeline.php(172): Illuminate\\Foundation\\Application->make('Illuminate\\\\Cook...')
#17 /Users/sanukadeteka/Developer/My Projects/Sally-Sweets/sally-sweets-laravel/vendor/laravel/framework/src/Illuminate/Pipeline/Pipeline.php(119): Illuminate\\Pipeline\\Pipeline->Illuminate\\Pipeline\\{closure}(Object(Illuminate\\Http\\Request))
#18 /Users/sanukadeteka/Developer/My Projects/Sally-Sweets/sally-sweets-laravel/vendor/laravel/framework/src/Illuminate/Routing/Router.php(805): Illuminate\\Pipeline\\Pipeline->then(Object(Closure))
#19 /Users/sanukadeteka/Developer/My Projects/Sally-Sweets/sally-sweets-laravel/vendor/laravel/framework/src/Illuminate/Routing/Router.php(784): Illuminate\\Routing\\Router->runRouteWithinStack(Object(Illuminate\\Routing\\Route), Object(Illuminate\\Http\\Request))
#20 /Users/sanukadeteka/Developer/My Projects/Sally-Sweets/sally-sweets-laravel/vendor/laravel/framework/src/Illuminate/Routing/Router.php(748): Illuminate\\Routing\\Router->runRoute(Object(Illuminate\\Http\\Request), Object(Illuminate\\Routing\\Route))
#21 /Users/sanukadeteka/Developer/My Projects/Sally-Sweets/sally-sweets-laravel/vendor/laravel/framework/src/Illuminate/Routing/Router.php(737): Illuminate\\Routing\\Router->dispatchToRoute(Object(Illuminate\\Http\\Request))
#22 /Users/sanukadeteka/Developer/My Projects/Sally-Sweets/sally-sweets-laravel/vendor/laravel/framework/src/Illuminate/Foundation/Http/Kernel.php(200): Illuminate\\Routing\\Router->dispatch(Object(Illuminate\\Http\\Request))
#23 /Users/sanukadeteka/Developer/My Projects/Sally-Sweets/sally-sweets-laravel/vendor/laravel/framework/src/Illuminate/Pipeline/Pipeline.php(144): Illuminate\\Foundation\\Http\\Kernel->Illuminate\\Foundation\\Http\\{closure}(Object(Illuminate\\Http\\Request))
#24 /Users/sanukadeteka/Developer/My Projects/Sally-Sweets/sally-sweets-laravel/vendor/laravel/framework/src/Illuminate/Foundation/Http/Middleware/TransformsRequest.php(21): Illuminate\\Pipeline\\Pipeline->Illuminate\\Pipeline\\{closure}(Object(Illuminate\\Http\\Request))
#25 /Users/sanukadeteka/Developer/My Projects/Sally-Sweets/sally-sweets-laravel/vendor/laravel/framework/src/Illuminate/Foundation/Http/Middleware/ConvertEmptyStringsToNull.php(31): Illuminate\\Foundation\\Http\\Middleware\\TransformsRequest->handle(Object(Illuminate\\Http\\Request), Object(Closure))
#26 /Users/sanukadeteka/Developer/My Projects/Sally-Sweets/sally-sweets-laravel/vendor/laravel/framework/src/Illuminate/Pipeline/Pipeline.php(183): Illuminate\\Foundation\\Http\\Middleware\\ConvertEmptyStringsToNull->handle(Object(Illuminate\\Http\\Request), Object(Closure))
#27 /Users/sanukadeteka/Developer/My Projects/Sally-Sweets/sally-sweets-laravel/vendor/laravel/framework/src/Illuminate/Foundation/Http/Middleware/TransformsRequest.php(21): Illuminate\\Pipeline\\Pipeline->Illuminate\\Pipeline\\{closure}(Object(Illuminate\\Http\\Request))
#28 /Users/sanukadeteka/Developer/My Projects/Sally-Sweets/sally-sweets-laravel/vendor/laravel/framework/src/Illuminate/Foundation/Http/Middleware/TrimStrings.php(51): Illuminate\\Foundation\\Http\\Middleware\\TransformsRequest->handle(Object(Illuminate\\Http\\Request), Object(Closure))
#29 /Users/sanukadeteka/Developer/My Projects/Sally-Sweets/sally-sweets-laravel/vendor/laravel/framework/src/Illuminate/Pipeline/Pipeline.php(183): Illuminate\\Foundation\\Http\\Middleware\\TrimStrings->handle(Object(Illuminate\\Http\\Request), Object(Closure))
#30 /Users/sanukadeteka/Developer/My Projects/Sally-Sweets/sally-sweets-laravel/vendor/laravel/framework/src/Illuminate/Http/Middleware/ValidatePostSize.php(27): Illuminate\\Pipeline\\Pipeline->Illuminate\\Pipeline\\{closure}(Object(Illuminate\\Http\\Request))
#31 /Users/sanukadeteka/Developer/My Projects/Sally-Sweets/sally-sweets-laravel/vendor/laravel/framework/src/Illuminate/Pipeline/Pipeline.php(183): Illuminate\\Http\\Middleware\\ValidatePostSize->handle(Object(Illuminate\\Http\\Request), Object(Closure))
#32 /Users/sanukadeteka/Developer/My Projects/Sally-Sweets/sally-sweets-laravel/vendor/laravel/framework/src/Illuminate/Foundation/Http/Middleware/PreventRequestsDuringMaintenance.php(110): Illuminate\\Pipeline\\Pipeline->Illuminate\\Pipeline\\{closure}(Object(Illuminate\\Http\\Request))
#33 /Users/sanukadeteka/Developer/My Projects/Sally-Sweets/sally-sweets-laravel/vendor/laravel/framework/src/Illuminate/Pipeline/Pipeline.php(183): Illuminate\\Foundation\\Http\\Middleware\\PreventRequestsDuringMaintenance->handle(Object(Illuminate\\Http\\Request), Object(Closure))
#34 /Users/sanukadeteka/Developer/My Projects/Sally-Sweets/sally-sweets-laravel/vendor/laravel/framework/src/Illuminate/Http/Middleware/HandleCors.php(49): Illuminate\\Pipeline\\Pipeline->Illuminate\\Pipeline\\{closure}(Object(Illuminate\\Http\\Request))
#35 /Users/sanukadeteka/Developer/My Projects/Sally-Sweets/sally-sweets-laravel/vendor/laravel/framework/src/Illuminate/Pipeline/Pipeline.php(183): Illuminate\\Http\\Middleware\\HandleCors->handle(Object(Illuminate\\Http\\Request), Object(Closure))
#36 /Users/sanukadeteka/Developer/My Projects/Sally-Sweets/sally-sweets-laravel/vendor/laravel/framework/src/Illuminate/Http/Middleware/TrustProxies.php(57): Illuminate\\Pipeline\\Pipeline->Illuminate\\Pipeline\\{closure}(Object(Illuminate\\Http\\Request))
#37 /Users/sanukadeteka/Developer/My Projects/Sally-Sweets/sally-sweets-laravel/vendor/laravel/framework/src/Illuminate/Pipeline/Pipeline.php(183): Illuminate\\Http\\Middleware\\TrustProxies->handle(Object(Illuminate\\Http\\Request), Object(Closure))
#38 /Users/sanukadeteka/Developer/My Projects/Sally-Sweets/sally-sweets-laravel/vendor/laravel/framework/src/Illuminate/Pipeline/Pipeline.php(119): Illuminate\\Pipeline\\Pipeline->Illuminate\\Pipeline\\{closure}(Object(Illuminate\\Http\\Request))
#39 /Users/sanukadeteka/Developer/My Projects/Sally-Sweets/sally-sweets-laravel/vendor/laravel/framework/src/Illuminate/Foundation/Http/Kernel.php(175): Illuminate\\Pipeline\\Pipeline->then(Object(Closure))
#40 /Users/sanukadeteka/Developer/My Projects/Sally-Sweets/sally-sweets-laravel/vendor/laravel/framework/src/Illuminate/Foundation/Http/Kernel.php(144): Illuminate\\Foundation\\Http\\Kernel->sendRequestThroughRouter(Object(Illuminate\\Http\\Request))
#41 /Users/sanukadeteka/Developer/My Projects/Sally-Sweets/sally-sweets-laravel/vendor/laravel/framework/src/Illuminate/Foundation/Application.php(1172): Illuminate\\Foundation\\Http\\Kernel->handle(Object(Illuminate\\Http\\Request))
#42 /Users/sanukadeteka/Developer/My Projects/Sally-Sweets/sally-sweets-laravel/public/index.php(17): Illuminate\\Foundation\\Application->handleRequest(Object(Illuminate\\Http\\Request))
#43 /Users/sanukadeteka/Developer/My Projects/Sally-Sweets/sally-sweets-laravel/vendor/laravel/framework/src/Illuminate/Foundation/resources/server.php(16): require_once('/Users/sanukade...')
#44 {main}
"} 
[2025-02-23 15:57:22] production.ERROR: No application encryption key has been specified. {"exception":"[object] (Illuminate\\Encryption\\MissingAppKeyException(code: 0): No application encryption key has been specified. at /Users/sanukadeteka/Developer/My Projects/Sally-Sweets/sally-sweets-laravel/vendor/laravel/framework/src/Illuminate/Encryption/EncryptionServiceProvider.php:83)
[stacktrace]
#0 /Users/sanukadeteka/Developer/My Projects/Sally-Sweets/sally-sweets-laravel/vendor/laravel/framework/src/Illuminate/Support/helpers.php(359): Illuminate\\Encryption\\EncryptionServiceProvider->Illuminate\\Encryption\\{closure}(NULL)
#1 /Users/sanukadeteka/Developer/My Projects/Sally-Sweets/sally-sweets-laravel/vendor/laravel/framework/src/Illuminate/Encryption/EncryptionServiceProvider.php(81): tap(NULL, Object(Closure))
#2 /Users/sanukadeteka/Developer/My Projects/Sally-Sweets/sally-sweets-laravel/vendor/laravel/framework/src/Illuminate/Encryption/EncryptionServiceProvider.php(64): Illuminate\\Encryption\\EncryptionServiceProvider->key(Array)
#3 /Users/sanukadeteka/Developer/My Projects/Sally-Sweets/sally-sweets-laravel/vendor/laravel/framework/src/Illuminate/Encryption/EncryptionServiceProvider.php(32): Illuminate\\Encryption\\EncryptionServiceProvider->parseKey(Array)
#4 /Users/sanukadeteka/Developer/My Projects/Sally-Sweets/sally-sweets-laravel/vendor/laravel/framework/src/Illuminate/Container/Container.php(900): Illuminate\\Encryption\\EncryptionServiceProvider->Illuminate\\Encryption\\{closure}(Object(Illuminate\\Foundation\\Application), Array)
#5 /Users/sanukadeteka/Developer/My Projects/Sally-Sweets/sally-sweets-laravel/vendor/laravel/framework/src/Illuminate/Container/Container.php(787): Illuminate\\Container\\Container->build(Object(Closure))
#6 /Users/sanukadeteka/Developer/My Projects/Sally-Sweets/sally-sweets-laravel/vendor/laravel/framework/src/Illuminate/Foundation/Application.php(1030): Illuminate\\Container\\Container->resolve('encrypter', Array, true)
#7 /Users/sanukadeteka/Developer/My Projects/Sally-Sweets/sally-sweets-laravel/vendor/laravel/framework/src/Illuminate/Container/Container.php(723): Illuminate\\Foundation\\Application->resolve('encrypter', Array)
#8 /Users/sanukadeteka/Developer/My Projects/Sally-Sweets/sally-sweets-laravel/vendor/laravel/framework/src/Illuminate/Foundation/Application.php(1015): Illuminate\\Container\\Container->make('encrypter', Array)
#9 /Users/sanukadeteka/Developer/My Projects/Sally-Sweets/sally-sweets-laravel/vendor/laravel/framework/src/Illuminate/Container/Container.php(1058): Illuminate\\Foundation\\Application->make('encrypter')
#10 /Users/sanukadeteka/Developer/My Projects/Sally-Sweets/sally-sweets-laravel/vendor/laravel/framework/src/Illuminate/Container/Container.php(974): Illuminate\\Container\\Container->resolveClass(Object(ReflectionParameter))
#11 /Users/sanukadeteka/Developer/My Projects/Sally-Sweets/sally-sweets-laravel/vendor/laravel/framework/src/Illuminate/Container/Container.php(935): Illuminate\\Container\\Container->resolveDependencies(Array)
#12 /Users/sanukadeteka/Developer/My Projects/Sally-Sweets/sally-sweets-laravel/vendor/laravel/framework/src/Illuminate/Container/Container.php(787): Illuminate\\Container\\Container->build('Illuminate\\\\Cook...')
#13 /Users/sanukadeteka/Developer/My Projects/Sally-Sweets/sally-sweets-laravel/vendor/laravel/framework/src/Illuminate/Foundation/Application.php(1030): Illuminate\\Container\\Container->resolve('Illuminate\\\\Cook...', Array, true)
#14 /Users/sanukadeteka/Developer/My Projects/Sally-Sweets/sally-sweets-laravel/vendor/laravel/framework/src/Illuminate/Container/Container.php(723): Illuminate\\Foundation\\Application->resolve('Illuminate\\\\Cook...', Array)
#15 /Users/sanukadeteka/Developer/My Projects/Sally-Sweets/sally-sweets-laravel/vendor/laravel/framework/src/Illuminate/Foundation/Application.php(1015): Illuminate\\Container\\Container->make('Illuminate\\\\Cook...', Array)
#16 /Users/sanukadeteka/Developer/My Projects/Sally-Sweets/sally-sweets-laravel/vendor/laravel/framework/src/Illuminate/Foundation/Http/Kernel.php(255): Illuminate\\Foundation\\Application->make('Illuminate\\\\Cook...')
#17 /Users/sanukadeteka/Developer/My Projects/Sally-Sweets/sally-sweets-laravel/vendor/laravel/framework/src/Illuminate/Foundation/Http/Kernel.php(213): Illuminate\\Foundation\\Http\\Kernel->terminateMiddleware(Object(Illuminate\\Http\\Request), Object(Illuminate\\Http\\Response))
#18 /Users/sanukadeteka/Developer/My Projects/Sally-Sweets/sally-sweets-laravel/vendor/laravel/framework/src/Illuminate/Foundation/Application.php(1174): Illuminate\\Foundation\\Http\\Kernel->terminate(Object(Illuminate\\Http\\Request), Object(Illuminate\\Http\\Response))
#19 /Users/sanukadeteka/Developer/My Projects/Sally-Sweets/sally-sweets-laravel/public/index.php(17): Illuminate\\Foundation\\Application->handleRequest(Object(Illuminate\\Http\\Request))
#20 /Users/sanukadeteka/Developer/My Projects/Sally-Sweets/sally-sweets-laravel/vendor/laravel/framework/src/Illuminate/Foundation/resources/server.php(16): require_once('/Users/sanukade...')
#21 {main}
"} 
